<?xml version="1.0" encoding="UTF-8"?>
<!-- Generated by org.testng.reporters.JUnitXMLReporter -->
<testsuite hostname="LAPTOP-V7NAMNVI" ignored="2" name="Test" tests="2" failures="1" timestamp="2023-02-05T19:56:43 IST" time="0.06" errors="0">
  <testcase name="test1_verifyOverseasPlayersCount" time="0.007" classname="com.rcbteam.testcases.ValidateOverseasPlayers">
    <failure type="java.lang.AssertionError" message="expected [true] but found [false]">
      <![CDATA[java.lang.AssertionError: expected [true] but found [false]
at com.rcbteam.testcases.ValidateOverseasPlayers.test1_verifyOverseasPlayersCount(ValidateOverseasPlayers.java:33)
at java.util.ArrayList.forEach(ArrayList.java:1259)
... Removed 31 stack frames]]>
    </failure>
  </testcase> <!-- test1_verifyOverseasPlayersCount -->
  <testcase name="test1_verifyWicketKeeperCount" time="0.009" classname="com.rcbteam.testcases.ValidateWicketKeeper"/>
  <testcase name="@BeforeSuite startReport" time="0.0" classname="com.rcbteam.utils.Reporter">
    <ignored/>
  </testcase> <!-- @BeforeSuite startReport -->
  <testcase name="@AfterSuite endResult" time="0.0" classname="com.rcbteam.utils.Reporter">
    <ignored/>
  </testcase> <!-- @AfterSuite endResult -->
</testsuite> <!-- Test -->
